error: invalid GTS string: 'gts.cf.*.events.*.v1~' (DE0901)
  --> $DIR/permission_strings.rs:16:18
   |
LL |     let _perm3 = "resource-id:gts.cf.*.events.*.v1~:action:scope";
   |                  ^^^^^^^^^^^^^^^^^^^^^^^^^^^^^^^^^^^^^^^^^^^^^^^^
   |
   = note: Invalid GTS wildcard pattern: gts.cf.*.events.*.v1~: The wildcard '*' token is allowed only once
   = note: `#[deny(de0901_gts_string_pattern)]` on by default

error: invalid GTS string: 'gts.cf.core.events.event.v1~a.b.c~' (DE0901)
  --> $DIR/permission_strings.rs:20:18
   |
LL |     let _perm3 = "resource-id:gts.cf.core.events.event.v1~a.b.c~:action:scope";
   |                  ^^^^^^^^^^^^^^^^^^^^^^^^^^^^^^^^^^^^^^^^^^^^^^^^^^^^^^^^^^^^^
   |
   = note: Invalid GTS segment #2 @ offset 28: 'a.b.c~': Too few tokens (got 3, min 5). Expected format: vendor.package.namespace.type.vMAJOR[.MINOR]

error: invalid GTS string: 'gts.cf.events.tenant.v1' (DE0901)
  --> $DIR/permission_strings.rs:24:18
   |
LL |     let _perm2 = "550e8400-e29b-41d4-a716-446655440000:gts.cf.events.tenant.v1:660e8400-e29b-41d4-a716-446655440002:edit";
   |                  ^^^^^^^^^^^^^^^^^^^^^^^^^^^^^^^^^^^^^^^^^^^^^^^^^^^^^^^^^^^^^^^^^^^^^^^^^^^^^^^^^^^^^^^^^^^^^^^^^^^^^^^^
   |
   = note: Invalid GTS segment #1 @ offset 4: 'cf.events.tenant.v1': Too few tokens (got 4, min 5). Expected format: gts.vendor.package.namespace.type.vMAJOR[.MINOR]

error: invalid GTS string: 'gts.vendor.pkg.ns.type.v1' (DE0901)
  --> $DIR/permission_strings.rs:28:18
   |
LL |     let _perm5 = "uuid:gts.vendor.pkg.ns.type.v1:action";
   |                  ^^^^^^^^^^^^^^^^^^^^^^^^^^^^^^^^^^^^^^^
   |
   = note: Invalid GTS identifier: gts.vendor.pkg.ns.type.v1: Single-segment instance IDs are prohibited. Instance IDs must be chained with at least one type segment (e.g., 'type~instance')

error: invalid GTS vendor in segment #0: 'gts.badvendor.pkg.ns.type.v1~cf.pkg.ns.derived.v1~' (DE0901)
  --> $DIR/permission_strings.rs:32:18
   |
LL |     let _perm6 = "uuid:gts.badvendor.pkg.ns.type.v1~cf.pkg.ns.derived.v1~:action";
   |                  ^^^^^^^^^^^^^^^^^^^^^^^^^^^^^^^^^^^^^^^^^^^^^^^^^^^^^^^^^^^^^^^^
   |
   = note: found vendor 'badvendor', allowed vendors are 'cf' and 'example'

error: invalid GTS string: 'gts.cf.core.events.type.v*' (DE0901)
  --> $DIR/permission_strings.rs:36:27
   |
LL |         .resource_pattern("gts.cf.core.events.type.v*")
   |                           ^^^^^^^^^^^^^^^^^^^^^^^^^^^^
   |
   = note: Invalid GTS wildcard pattern: gts.cf.core.events.type.v*: The wildcard '*' token is allowed only at the end of the pattern

error: aborting due to 6 previous errors

